<?xml version="1.0" encoding="UTF-8"?>
<!-- Generated by org.testng.reporters.JUnitXMLReporter -->
<testsuite hostname="DESKTOP-E34GMQO" ignored="0" name="Test" tests="8" failures="0" timestamp="10 May 2019 20:16:27 GMT" time="158.222" errors="0">
  <testcase name="registerNewUser" time="7.893" classname="main.RegistrationSc"/>
  <testcase name="addToCart" time="28.76" classname="e2e.AddToCart"/>
  <testcase name="searchForItems" time="29.25" classname="e2e.SearchForItems"/>
  <testcase name="searchForItems" time="15.894" classname="e2e.SearchForItems"/>
  <testcase name="getCountriesCode" time="0.472" classname="api.Test"/>
  <testcase name="getCountriesCode" time="0.17" classname="api.Test"/>
  <testcase name="getCountriesCode" time="0.174" classname="api.Test"/>
  <testcase name="getCountriesList" time="0.326" classname="api.Test"/>
</testsuite> <!-- Test -->
