<?xml version="1.0" encoding="UTF-8"?>
<!-- Generated by org.testng.reporters.JUnitXMLReporter -->
<testsuite hostname="DESKTOP-E34GMQO" ignored="0" name="Test" tests="8" failures="0" timestamp="10 May 2019 15:50:58 GMT" time="235.121" errors="0">
  <testcase name="registerNewUser" time="18.847" classname="main.RegistrationSc"/>
  <testcase name="addToCart" time="61.435" classname="e2e.AddToCart"/>
  <testcase name="searchForItems" time="17.581" classname="e2e.SearchForItems"/>
  <testcase name="searchForItems" time="49.404" classname="e2e.SearchForItems"/>
  <testcase name="getCountriesCode" time="0.452" classname="api.Test"/>
  <testcase name="getCountriesCode" time="0.232" classname="api.Test"/>
  <testcase name="getCountriesCode" time="1.255" classname="api.Test"/>
  <testcase name="getCountriesList" time="2.708" classname="api.Test"/>
</testsuite> <!-- Test -->
