<?xml version="1.0" encoding="UTF-8"?>
<testng-results skipped="0" failed="2" ignored="0" total="7" passed="5">
  <reporter-output>
  </reporter-output>
  <suite name="Suite" duration-ms="512447" started-at="2019-05-31T14:30:48Z" finished-at="2019-05-31T14:39:20Z">
    <groups>
    </groups>
    <test name="Test" duration-ms="512447" started-at="2019-05-31T14:30:48Z" finished-at="2019-05-31T14:39:20Z">
      <class name="e2e.Login">
        <test-method status="PASS" signature="setUp()[pri:0, instance:e2e.Login@4501b7af]" name="setUp" is-config="true" duration-ms="3568" started-at="2019-05-31T14:30:48Z" finished-at="2019-05-31T14:30:51Z">
          <reporter-output>
          </reporter-output>
        </test-method> <!-- setUp -->
        <test-method status="PASS" signature="initializeObjects()[pri:0, instance:e2e.Login@4501b7af]" name="initializeObjects" is-config="true" duration-ms="23772" started-at="2019-05-31T14:30:51Z" finished-at="2019-05-31T14:31:15Z">
          <reporter-output>
          </reporter-output>
        </test-method> <!-- initializeObjects -->
        <test-method status="FAIL" signature="forgetPassword(java.lang.String, java.lang.String)[pri:0, instance:e2e.Login@4501b7af]" name="forgetPassword" duration-ms="111292" started-at="2019-05-31T14:31:15Z" data-provider="getData" finished-at="2019-05-31T14:33:06Z">
          <params>
            <param index="0">
              <value>
                <![CDATA[souqtest2019@gmail.com]]>
              </value>
            </param>
            <param index="1">
              <value>
                <![CDATA[test@1234]]>
              </value>
            </param>
          </params>
          <exception class="org.openqa.selenium.NoSuchElementException">
            <message>
              <![CDATA[no such element: Unable to locate element: {"method":"xpath","selector":"//input[@type='email']"}
  (Session info: chrome=74.0.3729.169)
  (Driver info: chromedriver=2.44.609538 (b655c5a60b0b544917107a59d4153d4bf78e1b90),platform=Windows NT 10.0.17134 x86_64) (WARNING: The server did not provide any stacktrace information)
Command duration or timeout: 0 milliseconds
For documentation on this error, please visit: https://www.seleniumhq.org/exceptions/no_such_element.html
Build info: version: '3.141.59', revision: 'e82be7d358', time: '2018-11-14T08:17:03'
System info: host: 'DESKTOP-E34GMQO', ip: '192.168.1.4', os.name: 'Windows 10', os.arch: 'amd64', os.version: '10.0', java.version: '1.8.0_191'
Driver info: org.openqa.selenium.chrome.ChromeDriver
Capabilities {acceptInsecureCerts: false, acceptSslCerts: false, applicationCacheEnabled: false, browserConnectionEnabled: false, browserName: chrome, chrome: {chromedriverVersion: 2.44.609538 (b655c5a60b0b54..., userDataDir: C:\Users\Mona\AppData\Local...}, cssSelectorsEnabled: true, databaseEnabled: false, goog:chromeOptions: {debuggerAddress: localhost:51620}, handlesAlerts: true, hasTouchScreen: false, javascriptEnabled: true, locationContextEnabled: true, mobileEmulationEnabled: false, nativeEvents: true, networkConnectionEnabled: false, pageLoadStrategy: normal, platform: XP, platformName: XP, rotatable: false, setWindowRect: true, takesHeapSnapshot: true, takesScreenshot: true, unexpectedAlertBehaviour: ignore, unhandledPromptBehavior: ignore, version: 74.0.3729.169, webStorageEnabled: true}
Session ID: aa1284a8d8bac7e82618c6246424e1c2
*** Element info: {Using=xpath, value=//input[@type='email']}]]>
            </message>
            <full-stacktrace>
              <![CDATA[org.openqa.selenium.NoSuchElementException: no such element: Unable to locate element: {"method":"xpath","selector":"//input[@type='email']"}
  (Session info: chrome=74.0.3729.169)
  (Driver info: chromedriver=2.44.609538 (b655c5a60b0b544917107a59d4153d4bf78e1b90),platform=Windows NT 10.0.17134 x86_64) (WARNING: The server did not provide any stacktrace information)
Command duration or timeout: 0 milliseconds
For documentation on this error, please visit: https://www.seleniumhq.org/exceptions/no_such_element.html
Build info: version: '3.141.59', revision: 'e82be7d358', time: '2018-11-14T08:17:03'
System info: host: 'DESKTOP-E34GMQO', ip: '192.168.1.4', os.name: 'Windows 10', os.arch: 'amd64', os.version: '10.0', java.version: '1.8.0_191'
Driver info: org.openqa.selenium.chrome.ChromeDriver
Capabilities {acceptInsecureCerts: false, acceptSslCerts: false, applicationCacheEnabled: false, browserConnectionEnabled: false, browserName: chrome, chrome: {chromedriverVersion: 2.44.609538 (b655c5a60b0b54..., userDataDir: C:\Users\Mona\AppData\Local...}, cssSelectorsEnabled: true, databaseEnabled: false, goog:chromeOptions: {debuggerAddress: localhost:51620}, handlesAlerts: true, hasTouchScreen: false, javascriptEnabled: true, locationContextEnabled: true, mobileEmulationEnabled: false, nativeEvents: true, networkConnectionEnabled: false, pageLoadStrategy: normal, platform: XP, platformName: XP, rotatable: false, setWindowRect: true, takesHeapSnapshot: true, takesScreenshot: true, unexpectedAlertBehaviour: ignore, unhandledPromptBehavior: ignore, version: 74.0.3729.169, webStorageEnabled: true}
Session ID: aa1284a8d8bac7e82618c6246424e1c2
*** Element info: {Using=xpath, value=//input[@type='email']}
at sun.reflect.NativeConstructorAccessorImpl.newInstance0(Native Method)
at sun.reflect.NativeConstructorAccessorImpl.newInstance(NativeConstructorAccessorImpl.java:62)
at sun.reflect.DelegatingConstructorAccessorImpl.newInstance(DelegatingConstructorAccessorImpl.java:45)
at java.lang.reflect.Constructor.newInstance(Constructor.java:423)
at org.openqa.selenium.remote.ErrorHandler.createThrowable(ErrorHandler.java:214)
at org.openqa.selenium.remote.ErrorHandler.throwIfResponseFailed(ErrorHandler.java:166)
at org.openqa.selenium.remote.http.JsonHttpResponseCodec.reconstructValue(JsonHttpResponseCodec.java:40)
at org.openqa.selenium.remote.http.AbstractHttpResponseCodec.decode(AbstractHttpResponseCodec.java:80)
at org.openqa.selenium.remote.http.AbstractHttpResponseCodec.decode(AbstractHttpResponseCodec.java:44)
at org.openqa.selenium.remote.HttpCommandExecutor.execute(HttpCommandExecutor.java:158)
at org.openqa.selenium.remote.service.DriverCommandExecutor.execute(DriverCommandExecutor.java:83)
at org.openqa.selenium.remote.RemoteWebDriver.execute(RemoteWebDriver.java:552)
at org.openqa.selenium.remote.RemoteWebDriver.findElement(RemoteWebDriver.java:323)
at org.openqa.selenium.remote.RemoteWebDriver.findElementByXPath(RemoteWebDriver.java:428)
at org.openqa.selenium.By$ByXPath.findElement(By.java:353)
at org.openqa.selenium.remote.RemoteWebDriver.findElement(RemoteWebDriver.java:315)
at pageObjectModel.MailPage.getEmail(MailPage.java:47)
at pageObjectModel.MailPage.signIn(MailPage.java:66)
at pageObjectModel.MailPage.getCodeFromMail(MailPage.java:33)
at e2e.Login.forgetPassword(Login.java:62)
at sun.reflect.NativeMethodAccessorImpl.invoke0(Native Method)
at sun.reflect.NativeMethodAccessorImpl.invoke(NativeMethodAccessorImpl.java:62)
at sun.reflect.DelegatingMethodAccessorImpl.invoke(DelegatingMethodAccessorImpl.java:43)
at java.lang.reflect.Method.invoke(Method.java:498)
at org.testng.internal.MethodInvocationHelper.invokeMethod(MethodInvocationHelper.java:124)
at org.testng.internal.Invoker.invokeMethod(Invoker.java:583)
at org.testng.internal.Invoker.invokeTestMethod(Invoker.java:719)
at org.testng.internal.Invoker.invokeTestMethods(Invoker.java:989)
at org.testng.internal.TestMethodWorker.invokeTestMethods(TestMethodWorker.java:125)
at org.testng.internal.TestMethodWorker.run(TestMethodWorker.java:109)
at org.testng.TestRunner.privateRun(TestRunner.java:648)
at org.testng.TestRunner.run(TestRunner.java:505)
at org.testng.SuiteRunner.runTest(SuiteRunner.java:455)
at org.testng.SuiteRunner.runSequentially(SuiteRunner.java:450)
at org.testng.SuiteRunner.privateRun(SuiteRunner.java:415)
at org.testng.SuiteRunner.run(SuiteRunner.java:364)
at org.testng.SuiteRunnerWorker.runSuite(SuiteRunnerWorker.java:52)
at org.testng.SuiteRunnerWorker.run(SuiteRunnerWorker.java:84)
at org.testng.TestNG.runSuitesSequentially(TestNG.java:1208)
at org.testng.TestNG.runSuitesLocally(TestNG.java:1137)
at org.testng.TestNG.runSuites(TestNG.java:1049)
at org.testng.TestNG.run(TestNG.java:1017)
at org.apache.maven.surefire.testng.TestNGExecutor.run(TestNGExecutor.java:283)
at org.apache.maven.surefire.testng.TestNGXmlTestSuite.execute(TestNGXmlTestSuite.java:75)
at org.apache.maven.surefire.testng.TestNGProvider.invoke(TestNGProvider.java:120)
at org.apache.maven.surefire.booter.ForkedBooter.invokeProviderInSameClassLoader(ForkedBooter.java:384)
at org.apache.maven.surefire.booter.ForkedBooter.runSuitesInProcess(ForkedBooter.java:345)
at org.apache.maven.surefire.booter.ForkedBooter.execute(ForkedBooter.java:126)
at org.apache.maven.surefire.booter.ForkedBooter.main(ForkedBooter.java:418)
]]>
            </full-stacktrace>
          </exception> <!-- org.openqa.selenium.NoSuchElementException -->
          <reporter-output>
          </reporter-output>
        </test-method> <!-- forgetPassword -->
        <test-method status="PASS" signature="initializeObjects()[pri:0, instance:e2e.Login@4501b7af]" name="initializeObjects" is-config="true" duration-ms="1956" started-at="2019-05-31T14:33:06Z" finished-at="2019-05-31T14:33:08Z">
          <reporter-output>
          </reporter-output>
        </test-method> <!-- initializeObjects -->
        <test-method status="PASS" signature="loginUser(java.lang.String, java.lang.String)[pri:0, instance:e2e.Login@4501b7af]" name="loginUser" duration-ms="9682" started-at="2019-05-31T14:33:08Z" data-provider="getData" finished-at="2019-05-31T14:33:18Z">
          <params>
            <param index="0">
              <value>
                <![CDATA[souqtest2019@gmail.com]]>
              </value>
            </param>
            <param index="1">
              <value>
                <![CDATA[test@1234]]>
              </value>
            </param>
          </params>
          <reporter-output>
          </reporter-output>
        </test-method> <!-- loginUser -->
        <test-method status="PASS" signature="exit()[pri:0, instance:e2e.Login@4501b7af]" name="exit" is-config="true" duration-ms="794" started-at="2019-05-31T14:33:18Z" finished-at="2019-05-31T14:33:19Z">
          <reporter-output>
          </reporter-output>
        </test-method> <!-- exit -->
      </class> <!-- e2e.Login -->
      <class name="e2e.SearchForItems">
        <test-method status="PASS" signature="setUp()[pri:0, instance:e2e.SearchForItems@29774679]" name="setUp" is-config="true" duration-ms="26572" started-at="2019-05-31T14:34:54Z" finished-at="2019-05-31T14:35:20Z">
          <reporter-output>
          </reporter-output>
        </test-method> <!-- setUp -->
        <test-method status="PASS" signature="initializeObjects()[pri:0, instance:e2e.SearchForItems@29774679]" name="initializeObjects" is-config="true" duration-ms="32" started-at="2019-05-31T14:35:21Z" finished-at="2019-05-31T14:35:21Z">
          <reporter-output>
          </reporter-output>
        </test-method> <!-- initializeObjects -->
        <test-method status="PASS" signature="searchForItems(java.lang.String, java.lang.String)[pri:0, instance:e2e.SearchForItems@29774679]" name="searchForItems" duration-ms="228696" started-at="2019-05-31T14:35:21Z" data-provider="getSearchData" finished-at="2019-05-31T14:39:10Z">
          <params>
            <param index="0">
              <value>
                <![CDATA[Nokia 3 Dual Sim - 16GB, 2GB RAM, 4G LTE, Tempered Blue]]>
              </value>
            </param>
            <param index="1">
              <value>
                <![CDATA[1,488.00]]>
              </value>
            </param>
          </params>
          <reporter-output>
          </reporter-output>
        </test-method> <!-- searchForItems -->
        <test-method status="PASS" signature="searchForItems(java.lang.String, java.lang.String)[pri:0, instance:e2e.SearchForItems@29774679]" name="searchForItems" duration-ms="9584" started-at="2019-05-31T14:39:10Z" data-provider="getSearchData" finished-at="2019-05-31T14:39:19Z">
          <params>
            <param index="0">
              <value>
                <![CDATA[NOKIA 130 Series 30 Grey 2017]]>
              </value>
            </param>
            <param index="1">
              <value>
                <![CDATA[480.00]]>
              </value>
            </param>
          </params>
          <reporter-output>
          </reporter-output>
        </test-method> <!-- searchForItems -->
        <test-method status="PASS" signature="initializeObjects()[pri:0, instance:e2e.SearchForItems@29774679]" name="initializeObjects" is-config="true" duration-ms="0" started-at="2019-05-31T14:39:10Z" finished-at="2019-05-31T14:39:10Z">
          <reporter-output>
          </reporter-output>
        </test-method> <!-- initializeObjects -->
        <test-method status="PASS" signature="exit()[pri:0, instance:e2e.SearchForItems@29774679]" name="exit" is-config="true" duration-ms="781" started-at="2019-05-31T14:39:19Z" finished-at="2019-05-31T14:39:20Z">
          <reporter-output>
          </reporter-output>
        </test-method> <!-- exit -->
      </class> <!-- e2e.SearchForItems -->
      <class name="e2e.RegistrationSc">
        <test-method status="PASS" signature="setUp()[pri:0, instance:e2e.RegistrationSc@61832929]" name="setUp" is-config="true" duration-ms="9972" started-at="2019-05-31T14:34:35Z" finished-at="2019-05-31T14:34:45Z">
          <reporter-output>
          </reporter-output>
        </test-method> <!-- setUp -->
        <test-method status="PASS" signature="initializeObjects()[pri:0, instance:e2e.RegistrationSc@61832929]" name="initializeObjects" is-config="true" duration-ms="53" started-at="2019-05-31T14:34:45Z" finished-at="2019-05-31T14:34:45Z">
          <reporter-output>
          </reporter-output>
        </test-method> <!-- initializeObjects -->
        <test-method status="PASS" signature="registerNewUser(java.lang.String, java.lang.String, java.lang.String, java.lang.String)[pri:0, instance:e2e.RegistrationSc@61832929]" name="registerNewUser" duration-ms="7774" started-at="2019-05-31T14:34:45Z" data-provider="getRandomData" finished-at="2019-05-31T14:34:53Z">
          <params>
            <param index="0">
              <value>
                <![CDATA[X8Z5KOP]]>
              </value>
            </param>
            <param index="1">
              <value>
                <![CDATA[MRRI07A@test.com]]>
              </value>
            </param>
            <param index="2">
              <value>
                <![CDATA[123456]]>
              </value>
            </param>
            <param index="3">
              <value>
                <![CDATA[123456]]>
              </value>
            </param>
          </params>
          <reporter-output>
          </reporter-output>
        </test-method> <!-- registerNewUser -->
        <test-method status="PASS" signature="exit()[pri:0, instance:e2e.RegistrationSc@61832929]" name="exit" is-config="true" duration-ms="734" started-at="2019-05-31T14:34:53Z" finished-at="2019-05-31T14:34:54Z">
          <reporter-output>
          </reporter-output>
        </test-method> <!-- exit -->
      </class> <!-- e2e.RegistrationSc -->
      <class name="e2e.GetItemDetails">
        <test-method status="PASS" signature="setUp()[pri:0, instance:e2e.GetItemDetails@5b275dab]" name="setUp" is-config="true" duration-ms="26438" started-at="2019-05-31T14:33:56Z" finished-at="2019-05-31T14:34:23Z">
          <reporter-output>
          </reporter-output>
        </test-method> <!-- setUp -->
        <test-method status="PASS" signature="initializeObjects()[pri:0, instance:e2e.GetItemDetails@5b275dab]" name="initializeObjects" is-config="true" duration-ms="106" started-at="2019-05-31T14:34:23Z" finished-at="2019-05-31T14:34:23Z">
          <reporter-output>
          </reporter-output>
        </test-method> <!-- initializeObjects -->
        <test-method status="PASS" signature="getItemsDetails()[pri:0, instance:e2e.GetItemDetails@5b275dab]" name="getItemsDetails" duration-ms="11830" started-at="2019-05-31T14:34:23Z" finished-at="2019-05-31T14:34:34Z">
          <reporter-output>
          </reporter-output>
        </test-method> <!-- getItemsDetails -->
        <test-method status="PASS" signature="exit()[pri:0, instance:e2e.GetItemDetails@5b275dab]" name="exit" is-config="true" duration-ms="727" started-at="2019-05-31T14:34:34Z" finished-at="2019-05-31T14:34:35Z">
          <reporter-output>
          </reporter-output>
        </test-method> <!-- exit -->
      </class> <!-- e2e.GetItemDetails -->
      <class name="e2e.AddToCart">
        <test-method status="PASS" signature="setUp()[pri:0, instance:e2e.AddToCart@523884b2]" name="setUp" is-config="true" duration-ms="9729" started-at="2019-05-31T14:33:19Z" finished-at="2019-05-31T14:33:28Z">
          <reporter-output>
          </reporter-output>
        </test-method> <!-- setUp -->
        <test-method status="PASS" signature="initializeObjects()[pri:0, instance:e2e.AddToCart@523884b2]" name="initializeObjects" is-config="true" duration-ms="140" started-at="2019-05-31T14:33:28Z" finished-at="2019-05-31T14:33:29Z">
          <reporter-output>
          </reporter-output>
        </test-method> <!-- initializeObjects -->
        <test-method status="FAIL" signature="addToCart()[pri:0, instance:e2e.AddToCart@523884b2]" name="addToCart" duration-ms="26353" started-at="2019-05-31T14:33:29Z" finished-at="2019-05-31T14:33:55Z">
          <exception class="java.lang.AssertionError">
            <message>
              <![CDATA[expected [4] but found [3]]]>
            </message>
            <full-stacktrace>
              <![CDATA[java.lang.AssertionError: expected [4] but found [3]
at org.testng.Assert.fail(Assert.java:96)
at org.testng.Assert.failNotEquals(Assert.java:776)
at org.testng.Assert.assertEqualsImpl(Assert.java:137)
at org.testng.Assert.assertEquals(Assert.java:118)
at org.testng.Assert.assertEquals(Assert.java:652)
at org.testng.Assert.assertEquals(Assert.java:662)
at e2e.AddToCart.addToCart(AddToCart.java:55)
at sun.reflect.NativeMethodAccessorImpl.invoke0(Native Method)
at sun.reflect.NativeMethodAccessorImpl.invoke(NativeMethodAccessorImpl.java:62)
at sun.reflect.DelegatingMethodAccessorImpl.invoke(DelegatingMethodAccessorImpl.java:43)
at java.lang.reflect.Method.invoke(Method.java:498)
at org.testng.internal.MethodInvocationHelper.invokeMethod(MethodInvocationHelper.java:124)
at org.testng.internal.Invoker.invokeMethod(Invoker.java:583)
at org.testng.internal.Invoker.invokeTestMethod(Invoker.java:719)
at org.testng.internal.Invoker.invokeTestMethods(Invoker.java:989)
at org.testng.internal.TestMethodWorker.invokeTestMethods(TestMethodWorker.java:125)
at org.testng.internal.TestMethodWorker.run(TestMethodWorker.java:109)
at org.testng.TestRunner.privateRun(TestRunner.java:648)
at org.testng.TestRunner.run(TestRunner.java:505)
at org.testng.SuiteRunner.runTest(SuiteRunner.java:455)
at org.testng.SuiteRunner.runSequentially(SuiteRunner.java:450)
at org.testng.SuiteRunner.privateRun(SuiteRunner.java:415)
at org.testng.SuiteRunner.run(SuiteRunner.java:364)
at org.testng.SuiteRunnerWorker.runSuite(SuiteRunnerWorker.java:52)
at org.testng.SuiteRunnerWorker.run(SuiteRunnerWorker.java:84)
at org.testng.TestNG.runSuitesSequentially(TestNG.java:1208)
at org.testng.TestNG.runSuitesLocally(TestNG.java:1137)
at org.testng.TestNG.runSuites(TestNG.java:1049)
at org.testng.TestNG.run(TestNG.java:1017)
at org.apache.maven.surefire.testng.TestNGExecutor.run(TestNGExecutor.java:283)
at org.apache.maven.surefire.testng.TestNGXmlTestSuite.execute(TestNGXmlTestSuite.java:75)
at org.apache.maven.surefire.testng.TestNGProvider.invoke(TestNGProvider.java:120)
at org.apache.maven.surefire.booter.ForkedBooter.invokeProviderInSameClassLoader(ForkedBooter.java:384)
at org.apache.maven.surefire.booter.ForkedBooter.runSuitesInProcess(ForkedBooter.java:345)
at org.apache.maven.surefire.booter.ForkedBooter.execute(ForkedBooter.java:126)
at org.apache.maven.surefire.booter.ForkedBooter.main(ForkedBooter.java:418)
]]>
            </full-stacktrace>
          </exception> <!-- java.lang.AssertionError -->
          <reporter-output>
          </reporter-output>
        </test-method> <!-- addToCart -->
        <test-method status="PASS" signature="exit()[pri:0, instance:e2e.AddToCart@523884b2]" name="exit" is-config="true" duration-ms="1100" started-at="2019-05-31T14:33:55Z" finished-at="2019-05-31T14:33:56Z">
          <reporter-output>
          </reporter-output>
        </test-method> <!-- exit -->
      </class> <!-- e2e.AddToCart -->
    </test> <!-- Test -->
  </suite> <!-- Suite -->
</testng-results>
