<?xml version="1.0" encoding="UTF-8"?>
<testng-results skipped="0" failed="0" ignored="0" total="8" passed="8">
  <reporter-output>
  </reporter-output>
  <suite name="Suite" duration-ms="158222" started-at="2019-05-10T20:13:48Z" finished-at="2019-05-10T20:16:27Z">
    <groups>
    </groups>
    <test name="Test" duration-ms="158222" started-at="2019-05-10T20:13:48Z" finished-at="2019-05-10T20:16:27Z">
      <class name="main.RegistrationSc">
        <test-method status="PASS" signature="setUp()[pri:0, instance:main.RegistrationSc@14acaea5]" name="setUp" is-config="true" duration-ms="10872" started-at="2019-05-10T20:13:48Z" finished-at="2019-05-10T20:13:59Z">
          <reporter-output>
          </reporter-output>
        </test-method> <!-- setUp -->
        <test-method status="PASS" signature="initializeObjects()[pri:0, instance:main.RegistrationSc@14acaea5]" name="initializeObjects" is-config="true" duration-ms="12" started-at="2019-05-10T20:13:59Z" finished-at="2019-05-10T20:13:59Z">
          <reporter-output>
          </reporter-output>
        </test-method> <!-- initializeObjects -->
        <test-method status="PASS" signature="registerNewUser(java.lang.String, java.lang.String, java.lang.String, java.lang.String)[pri:0, instance:main.RegistrationSc@14acaea5]" name="registerNewUser" duration-ms="7893" started-at="2019-05-10T20:13:59Z" data-provider="getRandomData" finished-at="2019-05-10T20:14:07Z">
          <params>
            <param index="0">
              <value>
                <![CDATA[2JLTTOC]]>
              </value>
            </param>
            <param index="1">
              <value>
                <![CDATA[8OJTVDC@test.com]]>
              </value>
            </param>
            <param index="2">
              <value>
                <![CDATA[123456]]>
              </value>
            </param>
            <param index="3">
              <value>
                <![CDATA[123456]]>
              </value>
            </param>
          </params>
          <reporter-output>
          </reporter-output>
        </test-method> <!-- registerNewUser -->
        <test-method status="PASS" signature="exit()[pri:0, instance:main.RegistrationSc@14acaea5]" name="exit" is-config="true" duration-ms="713" started-at="2019-05-10T20:14:07Z" finished-at="2019-05-10T20:14:08Z">
          <reporter-output>
          </reporter-output>
        </test-method> <!-- exit -->
      </class> <!-- main.RegistrationSc -->
      <class name="e2e.SearchForItems">
        <test-method status="PASS" signature="setUp()[pri:0, instance:e2e.SearchForItems@d8355a8]" name="setUp" is-config="true" duration-ms="30407" started-at="2019-05-10T20:15:06Z" finished-at="2019-05-10T20:15:36Z">
          <reporter-output>
          </reporter-output>
        </test-method> <!-- setUp -->
        <test-method status="PASS" signature="initializeObjects()[pri:0, instance:e2e.SearchForItems@d8355a8]" name="initializeObjects" is-config="true" duration-ms="47" started-at="2019-05-10T20:15:40Z" finished-at="2019-05-10T20:15:40Z">
          <reporter-output>
          </reporter-output>
        </test-method> <!-- initializeObjects -->
        <test-method status="PASS" signature="searchForItems(java.lang.String, java.lang.String)[pri:0, instance:e2e.SearchForItems@d8355a8]" name="searchForItems" duration-ms="29250" started-at="2019-05-10T20:15:40Z" data-provider="getSearchData" finished-at="2019-05-10T20:16:09Z">
          <params>
            <param index="0">
              <value>
                <![CDATA[Nokia 3 Dual Sim - 16GB, 2GB RAM, 4G LTE, Tempered Blue]]>
              </value>
            </param>
            <param index="1">
              <value>
                <![CDATA[1,499.00]]>
              </value>
            </param>
          </params>
          <reporter-output>
          </reporter-output>
        </test-method> <!-- searchForItems -->
        <test-method status="PASS" signature="initializeObjects()[pri:0, instance:e2e.SearchForItems@d8355a8]" name="initializeObjects" is-config="true" duration-ms="0" started-at="2019-05-10T20:16:09Z" finished-at="2019-05-10T20:16:09Z">
          <reporter-output>
          </reporter-output>
        </test-method> <!-- initializeObjects -->
        <test-method status="PASS" signature="searchForItems(java.lang.String, java.lang.String)[pri:0, instance:e2e.SearchForItems@d8355a8]" name="searchForItems" duration-ms="15894" started-at="2019-05-10T20:16:09Z" data-provider="getSearchData" finished-at="2019-05-10T20:16:25Z">
          <params>
            <param index="0">
              <value>
                <![CDATA[Nokia 105 -2017 , 4MB , 2G , Blue]]>
              </value>
            </param>
            <param index="1">
              <value>
                <![CDATA[359.00]]>
              </value>
            </param>
          </params>
          <reporter-output>
          </reporter-output>
        </test-method> <!-- searchForItems -->
        <test-method status="PASS" signature="exit()[pri:0, instance:e2e.SearchForItems@d8355a8]" name="exit" is-config="true" duration-ms="755" started-at="2019-05-10T20:16:25Z" finished-at="2019-05-10T20:16:25Z">
          <reporter-output>
          </reporter-output>
        </test-method> <!-- exit -->
      </class> <!-- e2e.SearchForItems -->
      <class name="e2e.AddToCart">
        <test-method status="PASS" signature="setUp()[pri:0, instance:e2e.AddToCart@46d56d67]" name="setUp" is-config="true" duration-ms="28060" started-at="2019-05-10T20:14:08Z" finished-at="2019-05-10T20:14:36Z">
          <reporter-output>
          </reporter-output>
        </test-method> <!-- setUp -->
        <test-method status="PASS" signature="initializeObjects()[pri:0, instance:e2e.AddToCart@46d56d67]" name="initializeObjects" is-config="true" duration-ms="127" started-at="2019-05-10T20:14:36Z" finished-at="2019-05-10T20:14:36Z">
          <reporter-output>
          </reporter-output>
        </test-method> <!-- initializeObjects -->
        <test-method status="PASS" signature="addToCart()[pri:0, instance:e2e.AddToCart@46d56d67]" name="addToCart" duration-ms="28760" started-at="2019-05-10T20:14:36Z" finished-at="2019-05-10T20:15:05Z">
          <reporter-output>
          </reporter-output>
        </test-method> <!-- addToCart -->
        <test-method status="PASS" signature="exit()[pri:0, instance:e2e.AddToCart@46d56d67]" name="exit" is-config="true" duration-ms="780" started-at="2019-05-10T20:15:05Z" finished-at="2019-05-10T20:15:06Z">
          <reporter-output>
          </reporter-output>
        </test-method> <!-- exit -->
      </class> <!-- e2e.AddToCart -->
      <class name="api.Test">
        <test-method status="PASS" signature="init()[pri:0, instance:api.Test@59fa1d9b]" name="init" is-config="true" duration-ms="27" started-at="2019-05-10T20:16:26Z" finished-at="2019-05-10T20:16:26Z">
          <reporter-output>
          </reporter-output>
        </test-method> <!-- init -->
        <test-method status="PASS" signature="getCountriesCode(java.lang.String)[pri:0, instance:api.Test@59fa1d9b]" name="getCountriesCode" duration-ms="472" started-at="2019-05-10T20:16:26Z" data-provider="getRegions" finished-at="2019-05-10T20:16:26Z">
          <params>
            <param index="0">
              <value>
                <![CDATA[US]]>
              </value>
            </param>
          </params>
          <reporter-output>
          </reporter-output>
        </test-method> <!-- getCountriesCode -->
        <test-method status="PASS" signature="init()[pri:0, instance:api.Test@59fa1d9b]" name="init" is-config="true" duration-ms="1" started-at="2019-05-10T20:16:26Z" finished-at="2019-05-10T20:16:26Z">
          <reporter-output>
          </reporter-output>
        </test-method> <!-- init -->
        <test-method status="PASS" signature="getCountriesCode(java.lang.String)[pri:0, instance:api.Test@59fa1d9b]" name="getCountriesCode" duration-ms="170" started-at="2019-05-10T20:16:26Z" data-provider="getRegions" finished-at="2019-05-10T20:16:26Z">
          <params>
            <param index="0">
              <value>
                <![CDATA[DE]]>
              </value>
            </param>
          </params>
          <reporter-output>
          </reporter-output>
        </test-method> <!-- getCountriesCode -->
        <test-method status="PASS" signature="init()[pri:0, instance:api.Test@59fa1d9b]" name="init" is-config="true" duration-ms="1" started-at="2019-05-10T20:16:26Z" finished-at="2019-05-10T20:16:26Z">
          <reporter-output>
          </reporter-output>
        </test-method> <!-- init -->
        <test-method status="PASS" signature="getCountriesCode(java.lang.String)[pri:0, instance:api.Test@59fa1d9b]" name="getCountriesCode" duration-ms="174" started-at="2019-05-10T20:16:26Z" data-provider="getRegions" finished-at="2019-05-10T20:16:26Z">
          <params>
            <param index="0">
              <value>
                <![CDATA[GB]]>
              </value>
            </param>
          </params>
          <reporter-output>
          </reporter-output>
        </test-method> <!-- getCountriesCode -->
        <test-method status="PASS" signature="getCountriesList()[pri:0, instance:api.Test@59fa1d9b]" name="getCountriesList" duration-ms="326" started-at="2019-05-10T20:16:26Z" finished-at="2019-05-10T20:16:27Z">
          <reporter-output>
          </reporter-output>
        </test-method> <!-- getCountriesList -->
        <test-method status="PASS" signature="init()[pri:0, instance:api.Test@59fa1d9b]" name="init" is-config="true" duration-ms="0" started-at="2019-05-10T20:16:26Z" finished-at="2019-05-10T20:16:26Z">
          <reporter-output>
          </reporter-output>
        </test-method> <!-- init -->
      </class> <!-- api.Test -->
    </test> <!-- Test -->
  </suite> <!-- Suite -->
</testng-results>
