<?xml version="1.0" encoding="UTF-8"?>
<testng-results skipped="0" failed="0" ignored="1" total="2" passed="1">
  <reporter-output>
  </reporter-output>
  <suite name="Default suite" duration-ms="129066" started-at="2019-06-08T02:36:25Z" finished-at="2019-06-08T02:38:34Z">
    <groups>
    </groups>
    <test name="Default test" duration-ms="129066" started-at="2019-06-08T02:36:25Z" finished-at="2019-06-08T02:38:34Z">
      <class name="e2e.Login">
        <test-method status="PASS" signature="setUp()[pri:0, instance:e2e.Login@731a74c]" name="setUp" is-config="true" duration-ms="4030" started-at="2019-06-08T02:36:25Z" finished-at="2019-06-08T02:36:29Z">
          <reporter-output>
          </reporter-output>
        </test-method> <!-- setUp -->
        <test-method status="PASS" signature="initializeObjects()[pri:0, instance:e2e.Login@731a74c]" name="initializeObjects" is-config="true" duration-ms="8248" started-at="2019-06-08T02:36:29Z" finished-at="2019-06-08T02:36:38Z">
          <reporter-output>
          </reporter-output>
        </test-method> <!-- initializeObjects -->
        <test-method status="PASS" signature="forgetPassword(java.lang.String, java.lang.String)[pri:0, instance:e2e.Login@731a74c]" name="forgetPassword" duration-ms="116753" started-at="2019-06-08T02:36:38Z" data-provider="getData" finished-at="2019-06-08T02:38:34Z">
          <params>
            <param index="0">
              <value>
                <![CDATA[souqtest2019@gmail.com]]>
              </value>
            </param>
            <param index="1">
              <value>
                <![CDATA[test@1234]]>
              </value>
            </param>
          </params>
          <reporter-output>
          </reporter-output>
        </test-method> <!-- forgetPassword -->
        <test-method status="PASS" signature="exit()[pri:0, instance:e2e.Login@731a74c]" name="exit" is-config="true" duration-ms="0" started-at="2019-06-08T02:38:34Z" finished-at="2019-06-08T02:38:34Z">
          <reporter-output>
          </reporter-output>
        </test-method> <!-- exit -->
      </class> <!-- e2e.Login -->
    </test> <!-- Default test -->
  </suite> <!-- Default suite -->
</testng-results>
