<?xml version="1.0" encoding="UTF-8"?>
<testng-results skipped="0" failed="0" ignored="0" total="1" passed="1">
  <reporter-output>
  </reporter-output>
  <suite name="Default suite" duration-ms="49950" started-at="2019-05-27T21:00:31Z" finished-at="2019-05-27T21:01:21Z">
    <groups>
    </groups>
    <test name="Default test" duration-ms="49950" started-at="2019-05-27T21:00:31Z" finished-at="2019-05-27T21:01:21Z">
      <class name="e2e.GetItemDetails">
        <test-method status="PASS" signature="setUp()[pri:0, instance:e2e.GetItemDetails@520a3426]" name="setUp" is-config="true" duration-ms="16269" started-at="2019-05-27T21:00:31Z" finished-at="2019-05-27T21:00:47Z">
          <reporter-output>
          </reporter-output>
        </test-method> <!-- setUp -->
        <test-method status="PASS" signature="initializeObjects()[pri:0, instance:e2e.GetItemDetails@520a3426]" name="initializeObjects" is-config="true" duration-ms="44" started-at="2019-05-27T21:00:47Z" finished-at="2019-05-27T21:00:47Z">
          <reporter-output>
          </reporter-output>
        </test-method> <!-- initializeObjects -->
        <test-method status="PASS" signature="addToCart()[pri:0, instance:e2e.GetItemDetails@520a3426]" name="addToCart" duration-ms="33602" started-at="2019-05-27T21:00:47Z" finished-at="2019-05-27T21:01:21Z">
          <reporter-output>
          </reporter-output>
        </test-method> <!-- addToCart -->
        <test-method status="PASS" signature="exit()[pri:0, instance:e2e.GetItemDetails@520a3426]" name="exit" is-config="true" duration-ms="1" started-at="2019-05-27T21:01:21Z" finished-at="2019-05-27T21:01:21Z">
          <reporter-output>
          </reporter-output>
        </test-method> <!-- exit -->
      </class> <!-- e2e.GetItemDetails -->
    </test> <!-- Default test -->
  </suite> <!-- Default suite -->
</testng-results>
