<?xml version="1.0" encoding="UTF-8"?>
<testsuite name="Test"
           tests="4"
           failures="0"
           errors="0"
           skipped="0"
           time="1.784">
  <properties />
  
  
            <testcase name="getCountriesCode" time="0.303" classname="api.Test" />
                <testcase name="getCountriesCode" time="0.276" classname="api.Test" />
                <testcase name="getCountriesCode" time="0.706" classname="api.Test" />
                <testcase name="getCountriesList" time="0.499" classname="api.Test" />
      
</testsuite>
